[2025-12-17 06:58:54] findByEmail called | Context: {
    "email": "it@gmail.com",
    "was_in_transaction": false,
    "connection_state": "CLEAN"
}
[2025-12-17 06:58:54] After ensureCleanState | Context: {
    "in_transaction": false,
    "connection_state": "CLEAN"
}
[2025-12-17 06:58:54] findByEmail RESULT: FOUND | Context: {
    "found_user_id": 2,
    "found_email": "it@gmail.com",
    "found_role": "it",
    "searched_email": "it@gmail.com",
    "match": true
}
[2025-12-17 06:59:25] findByEmail called | Context: {
    "email": "it@gmail.com",
    "was_in_transaction": false,
    "connection_state": "CLEAN"
}
[2025-12-17 06:59:25] After ensureCleanState | Context: {
    "in_transaction": false,
    "connection_state": "CLEAN"
}
[2025-12-17 06:59:25] findByEmail RESULT: FOUND | Context: {
    "found_user_id": 2,
    "found_email": "it@gmail.com",
    "found_role": "it",
    "searched_email": "it@gmail.com",
    "match": true
}
[2025-12-17 06:59:31] findByEmail called | Context: {
    "email": "it@gmail.com",
    "was_in_transaction": false,
    "connection_state": "CLEAN"
}
[2025-12-17 06:59:31] After ensureCleanState | Context: {
    "in_transaction": false,
    "connection_state": "CLEAN"
}
[2025-12-17 06:59:31] findByEmail RESULT: FOUND | Context: {
    "found_user_id": 2,
    "found_email": "it@gmail.com",
    "found_role": "it",
    "searched_email": "it@gmail.com",
    "match": true
}
[2025-12-17 07:00:37] findByEmail called | Context: {
    "email": "doctor@gmail.com",
    "was_in_transaction": false,
    "connection_state": "CLEAN"
}
[2025-12-17 07:00:37] After ensureCleanState | Context: {
    "in_transaction": false,
    "connection_state": "CLEAN"
}
[2025-12-17 07:00:37] findByEmail RESULT: FOUND | Context: {
    "found_user_id": 3,
    "found_email": "doctor@gmail.com",
    "found_role": "doctor",
    "searched_email": "doctor@gmail.com",
    "match": true
}
[2025-12-17 07:00:43] findByEmail called | Context: {
    "email": "doctor@gmail.com",
    "was_in_transaction": false,
    "connection_state": "CLEAN"
}
[2025-12-17 07:00:43] After ensureCleanState | Context: {
    "in_transaction": false,
    "connection_state": "CLEAN"
}
[2025-12-17 07:00:43] findByEmail RESULT: FOUND | Context: {
    "found_user_id": 3,
    "found_email": "doctor@gmail.com",
    "found_role": "doctor",
    "searched_email": "doctor@gmail.com",
    "match": true
}
[2025-12-17 07:03:01] findByEmail called | Context: {
    "email": "it@gmail.com",
    "was_in_transaction": false,
    "connection_state": "CLEAN"
}
[2025-12-17 07:03:01] After ensureCleanState | Context: {
    "in_transaction": false,
    "connection_state": "CLEAN"
}
[2025-12-17 07:03:01] findByEmail RESULT: FOUND | Context: {
    "found_user_id": 2,
    "found_email": "it@gmail.com",
    "found_role": "it",
    "searched_email": "it@gmail.com",
    "match": true
}
[2025-12-17 07:07:53] findByEmail called | Context: {
    "email": "doctor@gmail.com",
    "was_in_transaction": false,
    "connection_state": "CLEAN"
}
[2025-12-17 07:07:53] After ensureCleanState | Context: {
    "in_transaction": false,
    "connection_state": "CLEAN"
}
[2025-12-17 07:07:53] findByEmail RESULT: FOUND | Context: {
    "found_user_id": 3,
    "found_email": "doctor@gmail.com",
    "found_role": "doctor",
    "searched_email": "doctor@gmail.com",
    "match": true
}
[2025-12-17 07:09:30] findByEmail called | Context: {
    "email": "it@gmail.com",
    "was_in_transaction": false,
    "connection_state": "CLEAN"
}
[2025-12-17 07:09:30] After ensureCleanState | Context: {
    "in_transaction": false,
    "connection_state": "CLEAN"
}
[2025-12-17 07:09:30] findByEmail RESULT: FOUND | Context: {
    "found_user_id": 2,
    "found_email": "it@gmail.com",
    "found_role": "it",
    "searched_email": "it@gmail.com",
    "match": true
}
[2025-12-17 07:11:10] findByEmail called | Context: {
    "email": "doctor@gmail.com",
    "was_in_transaction": false,
    "connection_state": "CLEAN"
}
[2025-12-17 07:11:10] After ensureCleanState | Context: {
    "in_transaction": false,
    "connection_state": "CLEAN"
}
[2025-12-17 07:11:10] findByEmail RESULT: FOUND | Context: {
    "found_user_id": 3,
    "found_email": "doctor@gmail.com",
    "found_role": "doctor",
    "searched_email": "doctor@gmail.com",
    "match": true
}
[2025-12-17 07:11:58] findByEmail called | Context: {
    "email": "it@gmail.com",
    "was_in_transaction": false,
    "connection_state": "CLEAN"
}
[2025-12-17 07:11:58] After ensureCleanState | Context: {
    "in_transaction": false,
    "connection_state": "CLEAN"
}
[2025-12-17 07:11:58] findByEmail RESULT: FOUND | Context: {
    "found_user_id": 2,
    "found_email": "it@gmail.com",
    "found_role": "it",
    "searched_email": "it@gmail.com",
    "match": true
}
[2025-12-17 07:58:53] findByEmail called | Context: {
    "email": "doctor@gmail.com",
    "was_in_transaction": false,
    "connection_state": "CLEAN"
}
[2025-12-17 07:58:53] After ensureCleanState | Context: {
    "in_transaction": false,
    "connection_state": "CLEAN"
}
[2025-12-17 07:58:53] findByEmail RESULT: FOUND | Context: {
    "found_user_id": 3,
    "found_email": "doctor@gmail.com",
    "found_role": "doctor",
    "searched_email": "doctor@gmail.com",
    "match": true
}
[2025-12-17 07:59:33] findByEmail called | Context: {
    "email": "it@gmail.com",
    "was_in_transaction": false,
    "connection_state": "CLEAN"
}
[2025-12-17 07:59:33] After ensureCleanState | Context: {
    "in_transaction": false,
    "connection_state": "CLEAN"
}
[2025-12-17 07:59:33] findByEmail RESULT: FOUND | Context: {
    "found_user_id": 2,
    "found_email": "it@gmail.com",
    "found_role": "it",
    "searched_email": "it@gmail.com",
    "match": true
}
[2025-12-17 23:07:31] findByEmail called | Context: {
    "email": "doctor@gmail.com",
    "was_in_transaction": false,
    "connection_state": "CLEAN"
}
[2025-12-17 23:07:31] After ensureCleanState | Context: {
    "in_transaction": false,
    "connection_state": "CLEAN"
}
[2025-12-17 23:07:31] findByEmail RESULT: FOUND | Context: {
    "found_user_id": 3,
    "found_email": "doctor@gmail.com",
    "found_role": "doctor",
    "searched_email": "doctor@gmail.com",
    "match": true
}
[2025-12-17 23:19:15] findByEmail called | Context: {
    "email": "student@gmail.com",
    "was_in_transaction": false,
    "connection_state": "CLEAN"
}
[2025-12-17 23:19:15] After ensureCleanState | Context: {
    "in_transaction": false,
    "connection_state": "CLEAN"
}
[2025-12-17 23:19:15] findByEmail RESULT: FOUND | Context: {
    "found_user_id": 4,
    "found_email": "student@gmail.com",
    "found_role": "student",
    "searched_email": "student@gmail.com",
    "match": true
}
[2025-12-17 23:21:27] findByEmail called | Context: {
    "email": "it@gmail.com",
    "was_in_transaction": false,
    "connection_state": "CLEAN"
}
[2025-12-17 23:21:27] After ensureCleanState | Context: {
    "in_transaction": false,
    "connection_state": "CLEAN"
}
[2025-12-17 23:21:27] findByEmail RESULT: FOUND | Context: {
    "found_user_id": 2,
    "found_email": "it@gmail.com",
    "found_role": "it",
    "searched_email": "it@gmail.com",
    "match": true
}
[2025-12-17 23:48:00] findByEmail called | Context: {
    "email": "student@gmail.com",
    "was_in_transaction": false,
    "connection_state": "CLEAN"
}
[2025-12-17 23:48:00] After ensureCleanState | Context: {
    "in_transaction": false,
    "connection_state": "CLEAN"
}
[2025-12-17 23:48:00] findByEmail RESULT: FOUND | Context: {
    "found_user_id": 4,
    "found_email": "student@gmail.com",
    "found_role": "student",
    "searched_email": "student@gmail.com",
    "match": true
}
[2025-12-17 23:48:52] findByEmail called | Context: {
    "email": "it@gmail.com",
    "was_in_transaction": false,
    "connection_state": "CLEAN"
}
[2025-12-17 23:48:52] After ensureCleanState | Context: {
    "in_transaction": false,
    "connection_state": "CLEAN"
}
[2025-12-17 23:48:52] findByEmail RESULT: FOUND | Context: {
    "found_user_id": 2,
    "found_email": "it@gmail.com",
    "found_role": "it",
    "searched_email": "it@gmail.com",
    "match": true
}
[2025-12-17 23:59:06] findByEmail called | Context: {
    "email": "student@gmail.com",
    "was_in_transaction": false,
    "connection_state": "CLEAN"
}
[2025-12-17 23:59:06] After ensureCleanState | Context: {
    "in_transaction": false,
    "connection_state": "CLEAN"
}
[2025-12-17 23:59:06] findByEmail RESULT: FOUND | Context: {
    "found_user_id": 4,
    "found_email": "student@gmail.com",
    "found_role": "student",
    "searched_email": "student@gmail.com",
    "match": true
}
[2025-12-17 23:59:26] findByEmail called | Context: {
    "email": "it@gmail.com",
    "was_in_transaction": false,
    "connection_state": "CLEAN"
}
[2025-12-17 23:59:26] After ensureCleanState | Context: {
    "in_transaction": false,
    "connection_state": "CLEAN"
}
[2025-12-17 23:59:26] findByEmail RESULT: FOUND | Context: {
    "found_user_id": 2,
    "found_email": "it@gmail.com",
    "found_role": "it",
    "searched_email": "it@gmail.com",
    "match": true
}
